<?xml version="1.0" encoding="UTF-8"?>
<testsuite xmlns:xsi="http://www.w3.org/2001/XMLSchema-instance" xsi:noNamespaceSchemaLocation="https://maven.apache.org/surefire/maven-surefire-plugin/xsd/surefire-test-report-3.0.xsd" version="3.0" name="org.example.ApiTest" time="3.608" tests="2" errors="0" skipped="0" failures="0">
  <properties>
[...]
</properties>
  <testcase name="postNewBlogEntry" classname="org.example.ApiTest" time="3.368">
    <system-out><![CDATA[Request method:	POST
Request URI:	https://jsonplaceholder.typicode.com/posts
Proxy:			<none>
Request params:	<none>
Query params:	<none>
Form params:	<none>
Path params:	<none>
Headers:		Accept=*/*
				Content-Type=application/json
Cookies:		<none>
Multiparts:		<none>
Body:
{
    "title": "Test Başlığı",
    "body": "Yazılım Test Mühendisliği",
    "userId": 1
}

Yanıt Süresi: 1432
Status Kodu: 201
Yanıt Gövdesi:
{
    "title": "Test Başlığı",
    "body": "Yazılım Test Mühendisliği",
    "userId": 1,
    "id": 101
}
]]></system-out>
  </testcase>
  <testcase name="getCommentById" classname="org.example.ApiTest" time="0.144">
    <system-out><![CDATA[Request method:	GET
Request URI:	https://jsonplaceholder.typicode.com/comments/1
Proxy:			<none>
Request params:	<none>
Query params:	<none>
Form params:	<none>
Path params:	<none>
Headers:		Accept=*/*
Cookies:		<none>
Multiparts:		<none>
Body:			<none>

Yanıt Süresi: 103
Status Kodu: 200
Yanıt Gövdesi:
{
    "postId": 1,
    "id": 1,
    "name": "id labore ex et quam laborum",
    "email": "Eliseo@gardner.biz",
    "body": "laudantium enim quasi est quidem magnam voluptate ipsam eos\ntempora quo necessitatibus\ndolor quam autem quasi\nreiciendis et nam sapiente accusantium"
}
]]></system-out>
  </testcase>
</testsuite>